<?xml version="1.0" encoding="UTF-8"?>
<?totaltestVersion 19.1.1.v20180612-1335_7?>
<!--Topaz for Total Test 19.1.1.v20180612-1335_7 Jul 19, 2018 12:59:00 PM-->
<testsuites>
  <testsuite errors="0" failures="0" name="CWXTCOB_TXXX.CWXTCOB_Scenario.00001: CWXTCOBCase1" tests="2">
    <testcase classname="CWXTCOB_TXXX.CWXTCOB_Scenario.00001: CWXTCOBCase1" name="00001: Check for PARM_LTH"/>
    <testcase classname="CWXTCOB_TXXX.CWXTCOB_Scenario.00001: CWXTCOBCase1" name="00002: Check for PARM_DATA"/>
  </testsuite>
  <testsuite errors="0" failures="1" name="CWXTCOB_TXXX.CWXTCOB_Scenario.00001: CWXTCOBCase1.CWXTCOB_RPTFILE_WRITE_01.00001: RPTFILE assertion" tests="1">
    <testcase classname="CWXTCOB_TXXX.CWXTCOB_Scenario.00001: CWXTCOBCase1.CWXTCOB_RPTFILE_WRITE_01.00001: RPTFILE assertion" name="00001: Check for REPORT_RECORD">
      <failure>Check for REPORT_RECORD failed

Actual Value:    

Expected Value:  x'4040404040404040404040404040404040404040404040404040404040404040404040404040404040404040404040404040404040404040404040404040404040404040404040404040404040404000'</failure>
    </testcase>
  </testsuite>
  <testsuite errors="0" failures="2" name="CWXTCOB_TXXX.CWXTCOB_Scenario.00001: CWXTCOBCase1.CWXTCOB_RPTFILE_WRITE_01.00002: RPTFILE assertion" tests="2">
    <testcase classname="CWXTCOB_TXXX.CWXTCOB_Scenario.00001: CWXTCOBCase1.CWXTCOB_RPTFILE_WRITE_01.00002: RPTFILE assertion" name="00001: Check for REPORT_RECORD">
      <failure>Check for REPORT_RECORD failed

Actual Value:    

Expected Value:  x'4040404040404040404040404040404040404040404040404040404040404040404040404040404040404040404040404040404040404040404040404040404040404040404040404040404040404000'</failure>
    </testcase>
  </testsuite>
  <testsuite errors="0" failures="3" name="CWXTCOB_TXXX.CWXTCOB_Scenario.00001: CWXTCOBCase1.CWXTCOB_RPTFILE_WRITE_01.00003: RPTFILE assertion" tests="3">
    <testcase classname="CWXTCOB_TXXX.CWXTCOB_Scenario.00001: CWXTCOBCase1.CWXTCOB_RPTFILE_WRITE_01.00003: RPTFILE assertion" name="00001: Check for REPORT_RECORD">
      <failure>Check for REPORT_RECORD failed

Actual Value:    

Expected Value:  x'4040404040404040404040404040404040404040404040404040404040404040404040404040404040404040404040404040404040404040404040404040404040404040404040404040404040404000'</failure>
    </testcase>
  </testsuite>
  <testsuite errors="0" failures="4" name="CWXTCOB_TXXX.CWXTCOB_Scenario.00001: CWXTCOBCase1.CWXTCOB_RPTFILE_WRITE_01.00004: RPTFILE assertion" tests="4">
    <testcase classname="CWXTCOB_TXXX.CWXTCOB_Scenario.00001: CWXTCOBCase1.CWXTCOB_RPTFILE_WRITE_01.00004: RPTFILE assertion" name="00001: Check for REPORT_RECORD">
      <failure>Check for REPORT_RECORD failed

Actual Value:     RUN DATE  07/19/18       EMPLOYEE COMPENSATION REPORT                  PAGE   1

Expected Value:  x'D9E4D540C4C1E3C54040F0F761F1F961F1F840404040404040C5D4D7D3D6E8C5C540C3D6D4D7C5D5E2C1E3C9D6D540D9C5D7D6D9E3404040404040404040404040404040404040D7C1C7C5404040F100'</failure>
    </testcase>
  </testsuite>
  <testsuite errors="0" failures="5" name="CWXTCOB_TXXX.CWXTCOB_Scenario.00001: CWXTCOBCase1.CWXTCOB_RPTFILE_WRITE_01.00005: RPTFILE assertion" tests="5">
    <testcase classname="CWXTCOB_TXXX.CWXTCOB_Scenario.00001: CWXTCOBCase1.CWXTCOB_RPTFILE_WRITE_01.00005: RPTFILE assertion" name="00001: Check for REPORT_RECORD">
      <failure>Check for REPORT_RECORD failed

Actual Value:    

Expected Value:  x'4040404040404040404040404040404040404040404040404040404040404040404040404040404040404040404040404040404040404040404040404040404040404040404040404040404040404000'</failure>
    </testcase>
  </testsuite>
  <testsuite errors="0" failures="6" name="CWXTCOB_TXXX.CWXTCOB_Scenario.00001: CWXTCOBCase1.CWXTCOB_RPTFILE_WRITE_01.00006: RPTFILE assertion" tests="6">
    <testcase classname="CWXTCOB_TXXX.CWXTCOB_Scenario.00001: CWXTCOBCase1.CWXTCOB_RPTFILE_WRITE_01.00006: RPTFILE assertion" name="00001: Check for REPORT_RECORD">
      <failure>Check for REPORT_RECORD failed

Actual Value:    

Expected Value:  x'4040404040404040404040404040404040404040404040404040404040404040404040404040404040404040404040404040404040404040404040404040404040404040404040404040404040404000'</failure>
    </testcase>
  </testsuite>
  <testsuite errors="0" failures="7" name="CWXTCOB_TXXX.CWXTCOB_Scenario.00001: CWXTCOBCase1.CWXTCOB_RPTFILE_WRITE_01.00007: RPTFILE assertion" tests="7">
    <testcase classname="CWXTCOB_TXXX.CWXTCOB_Scenario.00001: CWXTCOBCase1.CWXTCOB_RPTFILE_WRITE_01.00007: RPTFILE assertion" name="00001: Check for REPORT_RECORD">
      <failure>Check for REPORT_RECORD failed

Actual Value:                                   HIRE  YRS OF

Expected Value:  x'404040404040404040404040404040404040404040404040404040404040C8C9D9C54040E8D9E240D6C64040404040404040404040404040404040404040404040404040404040404040404040404000'</failure>
    </testcase>
  </testsuite>
  <testsuite errors="0" failures="8" name="CWXTCOB_TXXX.CWXTCOB_Scenario.00001: CWXTCOBCase1.CWXTCOB_RPTFILE_WRITE_01.00008: RPTFILE assertion" tests="8">
    <testcase classname="CWXTCOB_TXXX.CWXTCOB_Scenario.00001: CWXTCOBCase1.CWXTCOB_RPTFILE_WRITE_01.00008: RPTFILE assertion" name="00001: Check for REPORT_RECORD">
      <failure>Check for REPORT_RECORD failed

Actual Value:     EMPLOYEE NAME   REGION TYPE   DATE  SERVICE  SALARY   O/T   COMMISSION    TOTAL

Expected Value:  x'C5D4D7D3D6E8C5C540D5C1D4C5404040D9C5C7C9D6D540E3E8D7C5404040C4C1E3C54040E2C5D9E5C9C3C54040E2C1D3C1D9E8404040D661E3404040C3D6D4D4C9E2E2C9D6D540404040E3D6E3C1D300'</failure>
    </testcase>
  </testsuite>
  <testsuite errors="0" failures="9" name="CWXTCOB_TXXX.CWXTCOB_Scenario.00001: CWXTCOBCase1.CWXTCOB_RPTFILE_WRITE_01.00009: RPTFILE assertion" tests="9">
    <testcase classname="CWXTCOB_TXXX.CWXTCOB_Scenario.00001: CWXTCOBCase1.CWXTCOB_RPTFILE_WRITE_01.00009: RPTFILE assertion" name="00001: Check for REPORT_RECORD">
      <failure>Check for REPORT_RECORD failed

Actual Value:    

Expected Value:  x'4040404040404040404040404040404040404040404040404040404040404040404040404040404040404040404040404040404040404040404040404040404040404040404040404040404040404000'</failure>
    </testcase>
  </testsuite>
  <testsuite errors="0" failures="10" name="CWXTCOB_TXXX.CWXTCOB_Scenario.00001: CWXTCOBCase1.CWXTCOB_RPTFILE_WRITE_01.00010: RPTFILE assertion" tests="10">
    <testcase classname="CWXTCOB_TXXX.CWXTCOB_Scenario.00001: CWXTCOBCase1.CWXTCOB_RPTFILE_WRITE_01.00010: RPTFILE assertion" name="00001: Check for REPORT_RECORD">
      <failure>Check for REPORT_RECORD failed

Actual Value:     JOHN SMITH      NORT    H   10/15/81   36   1083.00     0.00      0.00  1083.00

Expected Value:  x'D1D6C8D540E2D4C9E3C8404040404040D5D6D9E340404040C8404040F1F061F1F561F8F1404040F3F6404040F1F0F8F34BF0F04040404040F04BF0F0404040404040F04BF0F04040F1F0F8F34BF0F000'</failure>
    </testcase>
  </testsuite>
  <testsuite errors="0" failures="11" name="CWXTCOB_TXXX.CWXTCOB_Scenario.00001: CWXTCOBCase1.CWXTCOB_RPTFILE_WRITE_01.00011: RPTFILE assertion" tests="11">
    <testcase classname="CWXTCOB_TXXX.CWXTCOB_Scenario.00001: CWXTCOBCase1.CWXTCOB_RPTFILE_WRITE_01.00011: RPTFILE assertion" name="00001: Check for REPORT_RECORD">
      <failure>Check for REPORT_RECORD failed

Actual Value:     ROY GARDNER     NORT    S   12/31/92   25    750.00     0.00   3300.00  4050.00

Expected Value:  x'D9D6E840C7C1D9C4D5C5D94040404040D5D6D9E340404040E2404040F1F261F3F161F9F2404040F2F540404040F7F5F04BF0F04040404040F04BF0F0404040F3F3F0F04BF0F04040F4F0F5F04BF0F000'</failure>
    </testcase>
  </testsuite>
  <testsuite errors="0" failures="12" name="CWXTCOB_TXXX.CWXTCOB_Scenario.00001: CWXTCOBCase1.CWXTCOB_RPTFILE_WRITE_01.00012: RPTFILE assertion" tests="12">
    <testcase classname="CWXTCOB_TXXX.CWXTCOB_Scenario.00001: CWXTCOBCase1.CWXTCOB_RPTFILE_WRITE_01.00012: RPTFILE assertion" name="00001: Check for REPORT_RECORD">
      <failure>Check for REPORT_RECORD failed

Actual Value:     DAN PEARSON     NORT    S   07/20/89   28    850.00     0.00   1000.00  1850.00

Expected Value:  x'C4C1D540D7C5C1D9E2D6D54040404040D5D6D9E340404040E2404040F0F761F2F061F8F9404040F2F840404040F8F5F04BF0F04040404040F04BF0F0404040F1F0F0F04BF0F04040F1F8F5F04BF0F000'</failure>
    </testcase>
  </testsuite>
  <testsuite errors="0" failures="13" name="CWXTCOB_TXXX.CWXTCOB_Scenario.00001: CWXTCOBCase1.CWXTCOB_RPTFILE_WRITE_01.00013: RPTFILE assertion" tests="13">
    <testcase classname="CWXTCOB_TXXX.CWXTCOB_Scenario.00001: CWXTCOBCase1.CWXTCOB_RPTFILE_WRITE_01.00013: RPTFILE assertion" name="00001: Check for REPORT_RECORD">
      <failure>Check for REPORT_RECORD failed

Actual Value:     MICHAEL DAYTON  SOUT    S   08/30/82   35    825.00     0.00   6000.00  6825.00

Expected Value:  x'D4C9C3C8C1C5D340C4C1E8E3D6D54040E2D6E4E340404040E2404040F0F861F3F061F8F2404040F3F540404040F8F2F54BF0F04040404040F04BF0F0404040F6F0F0F04BF0F04040F6F8F2F54BF0F000'</failure>
    </testcase>
  </testsuite>
  <testsuite errors="0" failures="14" name="CWXTCOB_TXXX.CWXTCOB_Scenario.00001: CWXTCOBCase1.CWXTCOB_RPTFILE_WRITE_01.00014: RPTFILE assertion" tests="14">
    <testcase classname="CWXTCOB_TXXX.CWXTCOB_Scenario.00001: CWXTCOBCase1.CWXTCOB_RPTFILE_WRITE_01.00014: RPTFILE assertion" name="00001: Check for REPORT_RECORD">
      <failure>Check for REPORT_RECORD failed

Actual Value:     DENNIS WHITE    SOUT    S   02/29/88   30   1050.00     0.00   1120.00  2170.00

Expected Value:  x'C4C5D5D5C9E240E6C8C9E3C540404040E2D6E4E340404040E2404040F0F261F2F961F8F8404040F3F0404040F1F0F5F04BF0F04040404040F04BF0F0404040F1F1F2F04BF0F04040F2F1F7F04BF0F000'</failure>
    </testcase>
  </testsuite>
  <testsuite errors="0" failures="15" name="CWXTCOB_TXXX.CWXTCOB_Scenario.00001: CWXTCOBCase1.CWXTCOB_RPTFILE_WRITE_01.00015: RPTFILE assertion" tests="15">
    <testcase classname="CWXTCOB_TXXX.CWXTCOB_Scenario.00001: CWXTCOBCase1.CWXTCOB_RPTFILE_WRITE_01.00015: RPTFILE assertion" name="00001: Check for REPORT_RECORD">
      <failure>Check for REPORT_RECORD failed

Actual Value:     VALERIE OLSEN   EAST    S   05/01/94   24    900.00     0.00   5600.00  6500.00

Expected Value:  x'E5C1D3C5D9C9C540D6D3E2C5D5404040C5C1E2E340404040E2404040F0F561F0F161F9F4404040F2F440404040F9F0F04BF0F04040404040F04BF0F0404040F5F6F0F04BF0F04040F6F5F0F04BF0F000'</failure>
    </testcase>
  </testsuite>
  <testsuite errors="0" failures="16" name="CWXTCOB_TXXX.CWXTCOB_Scenario.00001: CWXTCOBCase1.CWXTCOB_RPTFILE_WRITE_01.00016: RPTFILE assertion" tests="16">
    <testcase classname="CWXTCOB_TXXX.CWXTCOB_Scenario.00001: CWXTCOBCase1.CWXTCOB_RPTFILE_WRITE_01.00016: RPTFILE assertion" name="00001: Check for REPORT_RECORD">
      <failure>Check for REPORT_RECORD failed

Actual Value:     LAURA MARTIN    EAST    S   06/14/83   35   1225.00     0.00   6000.00  7225.00

Expected Value:  x'D3C1E4D9C140D4C1D9E3C9D540404040C5C1E2E340404040E2404040F0F661F1F461F8F3404040F3F5404040F1F2F2F54BF0F04040404040F04BF0F0404040F6F0F0F04BF0F04040F7F2F2F54BF0F000'</failure>
    </testcase>
  </testsuite>
  <testsuite errors="0" failures="17" name="CWXTCOB_TXXX.CWXTCOB_Scenario.00001: CWXTCOBCase1.CWXTCOB_RPTFILE_WRITE_01.00017: RPTFILE assertion" tests="17">
    <testcase classname="CWXTCOB_TXXX.CWXTCOB_Scenario.00001: CWXTCOBCase1.CWXTCOB_RPTFILE_WRITE_01.00017: RPTFILE assertion" name="00001: Check for REPORT_RECORD">
      <failure>Check for REPORT_RECORD failed

Actual Value:     MARCIA SULLIVAN EAST    H   04/05/93   25   1200.00   180.00      0.00  1380.00

Expected Value:  x'D4C1D9C3C9C140E2E4D3D3C9E5C1D540C5C1E2E340404040C8404040F0F461F0F561F9F3404040F2F5404040F1F2F0F04BF0F0404040F1F8F04BF0F0404040404040F04BF0F04040F1F3F8F04BF0F000'</failure>
    </testcase>
  </testsuite>
  <testsuite errors="0" failures="18" name="CWXTCOB_TXXX.CWXTCOB_Scenario.00001: CWXTCOBCase1.CWXTCOB_RPTFILE_WRITE_01.00018: RPTFILE assertion" tests="18">
    <testcase classname="CWXTCOB_TXXX.CWXTCOB_Scenario.00001: CWXTCOBCase1.CWXTCOB_RPTFILE_WRITE_01.00018: RPTFILE assertion" name="00001: Check for REPORT_RECORD">
      <failure>Check for REPORT_RECORD failed

Actual Value:     JAMES MORRISON  EAST    H   09/13/91   26   1017.50     0.00      0.00  1017.50

Expected Value:  x'D1C1D4C5E240D4D6D9D9C9E2D6D54040C5C1E2E340404040C8404040F0F961F1F361F9F1404040F2F6404040F1F0F1F74BF5F04040404040F04BF0F0404040404040F04BF0F04040F1F0F1F74BF5F000'</failure>
    </testcase>
  </testsuite>
  <testsuite errors="0" failures="19" name="CWXTCOB_TXXX.CWXTCOB_Scenario.00001: CWXTCOBCase1.CWXTCOB_RPTFILE_WRITE_01.00019: RPTFILE assertion" tests="19">
    <testcase classname="CWXTCOB_TXXX.CWXTCOB_Scenario.00001: CWXTCOBCase1.CWXTCOB_RPTFILE_WRITE_01.00019: RPTFILE assertion" name="00001: Check for REPORT_RECORD">
      <failure>Check for REPORT_RECORD failed

Actual Value:     THOMAS LONG     WEST    H   03/31/87   31   1000.00     0.00      0.00  1000.00

Expected Value:  x'E3C8D6D4C1E240D3D6D5C74040404040E6C5E2E340404040C8404040F0F361F3F161F8F7404040F3F1404040F1F0F0F04BF0F04040404040F04BF0F0404040404040F04BF0F04040F1F0F0F04BF0F000'</failure>
    </testcase>
  </testsuite>
  <testsuite errors="0" failures="20" name="CWXTCOB_TXXX.CWXTCOB_Scenario.00001: CWXTCOBCase1.CWXTCOB_RPTFILE_WRITE_01.00020: RPTFILE assertion" tests="20">
    <testcase classname="CWXTCOB_TXXX.CWXTCOB_Scenario.00001: CWXTCOBCase1.CWXTCOB_RPTFILE_WRITE_01.00020: RPTFILE assertion" name="00001: Check for REPORT_RECORD">
      <failure>Check for REPORT_RECORD failed

Actual Value:     DONNA BROWN     WEST    S   11/11/81   36   1000.00     0.00   3333.00  4333.00

Expected Value:  x'C4D6D5D5C140C2D9D6E6D54040404040E6C5E2E340404040E2404040F1F161F1F161F8F1404040F3F6404040F1F0F0F04BF0F04040404040F04BF0F0404040F3F3F3F34BF0F04040F4F3F3F34BF0F000'</failure>
    </testcase>
  </testsuite>
  <testsuite errors="0" failures="21" name="CWXTCOB_TXXX.CWXTCOB_Scenario.00001: CWXTCOBCase1.CWXTCOB_RPTFILE_WRITE_01.00021: RPTFILE assertion" tests="21">
    <testcase classname="CWXTCOB_TXXX.CWXTCOB_Scenario.00001: CWXTCOBCase1.CWXTCOB_RPTFILE_WRITE_01.00021: RPTFILE assertion" name="00001: Check for REPORT_RECORD">
      <failure>Check for REPORT_RECORD failed

Actual Value:     SAMUEL ADDAMS   WEST    H   01/02/86   32   1100.00    82.50      0.00  1182.50

Expected Value:  x'E2C1D4E4C5D340C1C4C4C1D4E2404040E6C5E2E340404040C8404040F0F161F0F261F8F6404040F3F2404040F1F1F0F04BF0F040404040F8F24BF5F0404040404040F04BF0F04040F1F1F8F24BF5F000'</failure>
    </testcase>
  </testsuite>
  <testsuite errors="0" failures="22" name="CWXTCOB_TXXX.CWXTCOB_Scenario.00001: CWXTCOBCase1.CWXTCOB_RPTFILE_WRITE_01.00022: RPTFILE assertion" tests="22">
    <testcase classname="CWXTCOB_TXXX.CWXTCOB_Scenario.00001: CWXTCOBCase1.CWXTCOB_RPTFILE_WRITE_01.00022: RPTFILE assertion" name="00001: Check for REPORT_RECORD">
      <failure>Check for REPORT_RECORD failed

Actual Value:     MARK JOHNSON    WEST    S   09/30/82   35    750.00     0.00   6000.00  6750.00

Expected Value:  x'D4C1D9D240D1D6C8D5E2D6D540404040E6C5E2E340404040E2404040F0F961F3F061F8F2404040F3F540404040F7F5F04BF0F04040404040F04BF0F0404040F6F0F0F04BF0F04040F6F7F5F04BF0F000'</failure>
    </testcase>
  </testsuite>
  <testsuite errors="0" failures="23" name="CWXTCOB_TXXX.CWXTCOB_Scenario.00001: CWXTCOBCase1.CWXTCOB_RPTFILE_WRITE_01.00023: RPTFILE assertion" tests="23">
    <testcase classname="CWXTCOB_TXXX.CWXTCOB_Scenario.00001: CWXTCOBCase1.CWXTCOB_RPTFILE_WRITE_01.00023: RPTFILE assertion" name="00001: Check for REPORT_RECORD">
      <failure>Check for REPORT_RECORD failed

Actual Value:    

Expected Value:  x'4040404040404040404040404040404040404040404040404040404040404040404040404040404040404040404040404040404040404040404040404040404040404040404040404040404040404000'</failure>
    </testcase>
  </testsuite>
  <testsuite errors="0" failures="24" name="CWXTCOB_TXXX.CWXTCOB_Scenario.00001: CWXTCOBCase1.CWXTCOB_RPTFILE_WRITE_01.00024: RPTFILE assertion" tests="24">
    <testcase classname="CWXTCOB_TXXX.CWXTCOB_Scenario.00001: CWXTCOBCase1.CWXTCOB_RPTFILE_WRITE_01.00024: RPTFILE assertion" name="00001: Check for REPORT_RECORD">
      <failure>Check for REPORT_RECORD failed

Actual Value:        TOTAL                                                               45366.00

Expected Value:  x'404040E3D6E3C1D3404040404040404040404040404040404040404040404040404040404040404040404040404040404040404040404040404040404040404040404040404040F4F5F3F6F64BF0F000'</failure>
    </testcase>
  </testsuite>
</testsuites>